<?xml version="1.0" encoding="UTF-8"?>
<testsuite name="otus.helpers.RestHelperMock" time="0.0" tests="1" errors="0" skipped="0" failures="0">
    <testcase name="RestHelperMock.getTestActions" classname="otus.helpers.RestHelperMock" time="0.0"/>
</testsuite>